2017-07-21 10:48:49,150 [9] INFO  DBComparator.Controllers.DBComparatorController - [ compareLocal ] - database1 : SHALL778 , Student1 ; database2 : SHALL778 , Student2
 DBComparator.Controllers.DBComparatorControllername2017-07-21 10:48:49,175 [9] INFO  DBComparator.Controllers.DBComparatorController - [ compareLocal ] - start time : 7/21/2017 10:48:49 AM
 DBComparator.Controllers.DBComparatorControllername2017-07-21 10:48:49,177 [9] INFO  DBComparator.Server.SqlServer - [ createConnectionLocal ] - database : SHALL778 , Student1
 DBComparator.Server.SqlServername2017-07-21 10:48:49,177 [9] INFO  DBComparator.Server.SqlServer - [ createConnectionLocal ] - start time : 7/21/2017 10:48:49 AM
 DBComparator.Server.SqlServername2017-07-21 10:48:49,241 [9] INFO  DBComparator.Server.SqlServer - [ createConnectionLocal ] - end time : 7/21/2017 10:48:49 AM ; spend time : 00:00:00.0640000

 DBComparator.Server.SqlServername2017-07-21 10:48:49,241 [9] INFO  DBComparator.Server.SqlServer - [ createConnectionLocal ] - database : SHALL778 , Student2
 DBComparator.Server.SqlServername2017-07-21 10:48:49,242 [9] INFO  DBComparator.Server.SqlServer - [ createConnectionLocal ] - start time : 7/21/2017 10:48:49 AM
 DBComparator.Server.SqlServername2017-07-21 10:48:49,244 [9] INFO  DBComparator.Server.SqlServer - [ createConnectionLocal ] - end time : 7/21/2017 10:48:49 AM ; spend time : 00:00:00.0020000

 DBComparator.Server.SqlServername2017-07-21 10:48:49,246 [9] INFO  DBComparator.Server.TableComparator - [ compareTables ] - start time : 7/21/2017 10:48:49 AM
 DBComparator.Server.TableComparatorname2017-07-21 10:48:49,268 [9] INFO  DBComparator.Server.TableComparator - [ compareColumns ] - start time : 7/21/2017 10:48:49 AM
 DBComparator.Server.TableComparatorname2017-07-21 10:48:49,282 [9] INFO  DBComparator.Server.TableComparator - [ readColumns ] - start time : 7/21/2017 10:48:49 AM
 DBComparator.Server.TableComparatorname2017-07-21 10:48:49,283 [9] INFO  DBComparator.Server.TableComparator - [ readColumns ] - end time : 7/21/2017 10:48:49 AM ; spend time : 00:00:00.0010000

 DBComparator.Server.TableComparatorname2017-07-21 10:48:49,283 [9] INFO  DBComparator.Server.TableComparator - [ readColumns ] - start time : 7/21/2017 10:48:49 AM
 DBComparator.Server.TableComparatorname2017-07-21 10:48:49,283 [9] INFO  DBComparator.Server.TableComparator - [ readColumns ] - end time : 7/21/2017 10:48:49 AM ; spend time : 00:00:00

 DBComparator.Server.TableComparatorname2017-07-21 10:48:49,284 [9] INFO  DBComparator.Server.TableComparator - [ getAndDeleteNoCoexitColumns ] - start time : 7/21/2017 10:48:49 AM
 DBComparator.Server.TableComparatorname2017-07-21 10:48:49,284 [9] INFO  DBComparator.Server.TableComparator - [ getAndDeleteNoCoexitColumns ] - end time : 7/21/2017 10:48:49 AM ; spend time : 00:00:00

 DBComparator.Server.TableComparatorname2017-07-21 10:48:49,286 [9] INFO  DBComparator.Server.TableComparator - [ compareColumns ] - end time : 7/21/2017 10:48:49 AM ; spend time : 00:00:00.0180000

 DBComparator.Server.TableComparatorname2017-07-21 10:48:49,286 [9] INFO  DBComparator.Server.TableComparator - [ compareIndexs ] - start time : 7/21/2017 10:48:49 AM
 DBComparator.Server.TableComparatorname2017-07-21 10:48:49,299 [9] INFO  DBComparator.Server.TableComparator - [ compareIndexs ] - end time : 7/21/2017 10:48:49 AM ; spend time : 00:00:00.0130000

 DBComparator.Server.TableComparatorname2017-07-21 10:48:49,300 [9] INFO  DBComparator.Server.TableComparator - [ compareKeys ] - start time : 7/21/2017 10:48:49 AM
 DBComparator.Server.TableComparatorname2017-07-21 10:48:49,319 [9] INFO  DBComparator.Server.TableComparator - [ compareKeys ] - end time : 7/21/2017 10:48:49 AM ; spend time : 00:00:00.0190000

 DBComparator.Server.TableComparatorname2017-07-21 10:48:49,319 [9] INFO  DBComparator.Server.TableComparator - [ compareColumns ] - start time : 7/21/2017 10:48:49 AM
 DBComparator.Server.TableComparatorname2017-07-21 10:48:49,338 [9] INFO  DBComparator.Server.TableComparator - [ readColumns ] - start time : 7/21/2017 10:48:49 AM
 DBComparator.Server.TableComparatorname2017-07-21 10:48:49,338 [9] INFO  DBComparator.Server.TableComparator - [ readColumns ] - end time : 7/21/2017 10:48:49 AM ; spend time : 00:00:00

 DBComparator.Server.TableComparatorname2017-07-21 10:48:49,338 [9] INFO  DBComparator.Server.TableComparator - [ readColumns ] - start time : 7/21/2017 10:48:49 AM
 DBComparator.Server.TableComparatorname2017-07-21 10:48:49,338 [9] INFO  DBComparator.Server.TableComparator - [ readColumns ] - end time : 7/21/2017 10:48:49 AM ; spend time : 00:00:00

 DBComparator.Server.TableComparatorname2017-07-21 10:48:49,338 [9] INFO  DBComparator.Server.TableComparator - [ getAndDeleteNoCoexitColumns ] - start time : 7/21/2017 10:48:49 AM
 DBComparator.Server.TableComparatorname2017-07-21 10:48:49,338 [9] INFO  DBComparator.Server.TableComparator - [ getAndDeleteNoCoexitColumns ] - end time : 7/21/2017 10:48:49 AM ; spend time : 00:00:00

 DBComparator.Server.TableComparatorname2017-07-21 10:48:49,338 [9] INFO  DBComparator.Server.TableComparator - [ compareColumns ] - end time : 7/21/2017 10:48:49 AM ; spend time : 00:00:00.0190000

 DBComparator.Server.TableComparatorname2017-07-21 10:48:49,338 [9] INFO  DBComparator.Server.TableComparator - [ compareIndexs ] - start time : 7/21/2017 10:48:49 AM
 DBComparator.Server.TableComparatorname2017-07-21 10:48:49,353 [9] INFO  DBComparator.Server.TableComparator - [ compareIndexs ] - end time : 7/21/2017 10:48:49 AM ; spend time : 00:00:00.0150000

 DBComparator.Server.TableComparatorname2017-07-21 10:48:49,353 [9] INFO  DBComparator.Server.TableComparator - [ compareKeys ] - start time : 7/21/2017 10:48:49 AM
 DBComparator.Server.TableComparatorname2017-07-21 10:48:49,374 [9] INFO  DBComparator.Server.TableComparator - [ compareKeys ] - end time : 7/21/2017 10:48:49 AM ; spend time : 00:00:00.0210000

 DBComparator.Server.TableComparatorname2017-07-21 10:48:49,375 [9] INFO  DBComparator.Server.TableComparator - [ compareColumns ] - start time : 7/21/2017 10:48:49 AM
 DBComparator.Server.TableComparatorname2017-07-21 10:48:49,390 [9] INFO  DBComparator.Server.TableComparator - [ readColumns ] - start time : 7/21/2017 10:48:49 AM
 DBComparator.Server.TableComparatorname2017-07-21 10:48:49,390 [9] INFO  DBComparator.Server.TableComparator - [ readColumns ] - end time : 7/21/2017 10:48:49 AM ; spend time : 00:00:00

 DBComparator.Server.TableComparatorname2017-07-21 10:48:49,390 [9] INFO  DBComparator.Server.TableComparator - [ readColumns ] - start time : 7/21/2017 10:48:49 AM
 DBComparator.Server.TableComparatorname2017-07-21 10:48:49,390 [9] INFO  DBComparator.Server.TableComparator - [ readColumns ] - end time : 7/21/2017 10:48:49 AM ; spend time : 00:00:00

 DBComparator.Server.TableComparatorname2017-07-21 10:48:49,390 [9] INFO  DBComparator.Server.TableComparator - [ getAndDeleteNoCoexitColumns ] - start time : 7/21/2017 10:48:49 AM
 DBComparator.Server.TableComparatorname2017-07-21 10:48:49,390 [9] INFO  DBComparator.Server.TableComparator - [ getAndDeleteNoCoexitColumns ] - end time : 7/21/2017 10:48:49 AM ; spend time : 00:00:00

 DBComparator.Server.TableComparatorname2017-07-21 10:48:49,390 [9] INFO  DBComparator.Server.TableComparator - [ compareColumns ] - end time : 7/21/2017 10:48:49 AM ; spend time : 00:00:00.0150000

 DBComparator.Server.TableComparatorname2017-07-21 10:48:49,390 [9] INFO  DBComparator.Server.TableComparator - [ compareIndexs ] - start time : 7/21/2017 10:48:49 AM
 DBComparator.Server.TableComparatorname2017-07-21 10:48:49,405 [9] INFO  DBComparator.Server.TableComparator - [ compareIndexs ] - end time : 7/21/2017 10:48:49 AM ; spend time : 00:00:00.0150000

 DBComparator.Server.TableComparatorname2017-07-21 10:48:49,405 [9] INFO  DBComparator.Server.TableComparator - [ compareKeys ] - start time : 7/21/2017 10:48:49 AM
 DBComparator.Server.TableComparatorname2017-07-21 10:48:49,422 [9] INFO  DBComparator.Server.TableComparator - [ compareKeys ] - end time : 7/21/2017 10:48:49 AM ; spend time : 00:00:00.0170000

 DBComparator.Server.TableComparatorname2017-07-21 10:48:49,422 [9] INFO  DBComparator.Server.TableComparator - [ compareTables ] - end time : 7/21/2017 10:48:49 AM ; spend time : 00:00:00.1760000

 DBComparator.Server.TableComparatorname2017-07-21 10:48:49,423 [9] INFO  DBComparator.Server.StoredProcedureComparator - [ compareStoredProcedure ] - start time : 7/21/2017 10:48:49 AM
 DBComparator.Server.StoredProcedureComparatorname2017-07-21 10:48:49,424 [9] INFO  DBComparator.Server.StoredProcedureComparator - [ getStoredProcedures ] - start time : 7/21/2017 10:48:49 AM
 DBComparator.Server.StoredProcedureComparatorname2017-07-21 10:48:49,463 [9] INFO  DBComparator.Server.StoredProcedureComparator - [ getStoredProcedures ] - end time : 7/21/2017 10:48:49 AM ; spend time : 00:00:00.0390000

 DBComparator.Server.StoredProcedureComparatorname2017-07-21 10:48:49,463 [9] INFO  DBComparator.Server.StoredProcedureComparator - [ getStoredProcedures ] - start time : 7/21/2017 10:48:49 AM
 DBComparator.Server.StoredProcedureComparatorname2017-07-21 10:48:49,507 [9] INFO  DBComparator.Server.StoredProcedureComparator - [ getStoredProcedures ] - end time : 7/21/2017 10:48:49 AM ; spend time : 00:00:00.0440000

 DBComparator.Server.StoredProcedureComparatorname2017-07-21 10:48:49,508 [9] INFO  DBComparator.Server.StoredProcedureComparator - [ getDiffProcedures ] - start time : 7/21/2017 10:48:49 AM
 DBComparator.Server.StoredProcedureComparatorname2017-07-21 10:48:49,509 [9] INFO  DBComparator.Server.StoredProcedureComparator - [ getDiffProcedures ] - end time : 7/21/2017 10:48:49 AM ; spend time : 00:00:00.0010000

 DBComparator.Server.StoredProcedureComparatorname2017-07-21 10:48:49,509 [9] INFO  DBComparator.Server.StoredProcedureComparator - [ compareStoredProcedure ] - end time : 7/21/2017 10:48:49 AM ; spend time : 00:00:00.0860000

 DBComparator.Server.StoredProcedureComparatorname2017-07-21 10:48:49,510 [9] INFO  DBComparator.Server.FunctionComparator - [ compareFunctions ] - start time : 7/21/2017 10:48:49 AM
 DBComparator.Server.FunctionComparatorname2017-07-21 10:48:49,511 [9] INFO  DBComparator.Server.FunctionComparator - [ getFunctions ] - start time : 7/21/2017 10:48:49 AM
 DBComparator.Server.FunctionComparatorname2017-07-21 10:48:49,527 [9] INFO  DBComparator.Server.FunctionComparator - [ getFunctions ] - end time : 7/21/2017 10:48:49 AM ; spend time : 00:00:00.0160000

 DBComparator.Server.FunctionComparatorname2017-07-21 10:48:49,527 [9] INFO  DBComparator.Server.FunctionComparator - [ getFunctions ] - start time : 7/21/2017 10:48:49 AM
 DBComparator.Server.FunctionComparatorname2017-07-21 10:48:49,534 [9] INFO  DBComparator.Server.FunctionComparator - [ getFunctions ] - end time : 7/21/2017 10:48:49 AM ; spend time : 00:00:00.0070000

 DBComparator.Server.FunctionComparatorname2017-07-21 10:48:49,535 [9] INFO  DBComparator.Server.FunctionComparator - [ getDiffFunctions ] - start time : 7/21/2017 10:48:49 AM
 DBComparator.Server.FunctionComparatorname2017-07-21 10:48:49,536 [9] INFO  DBComparator.Server.FunctionComparator - [ getDiffFunctions ] - end time : 7/21/2017 10:48:49 AM ; spend time : 00:00:00.0010000

 DBComparator.Server.FunctionComparatorname2017-07-21 10:48:49,536 [9] INFO  DBComparator.Server.FunctionComparator - [ compareFunctions ] - end time : 7/21/2017 10:48:49 AM ; spend time : 00:00:00.0260000

 DBComparator.Server.FunctionComparatorname2017-07-21 10:48:49,536 [9] INFO  DBComparator.Controllers.DBComparatorController - [ compareLocal ] - end time : 7/21/2017 10:48:49 AM ; spend time : 00:00:00.3760000

 DBComparator.Controllers.DBComparatorControllername